<?xml version="1.0" encoding="UTF-8"?>
<robot generator="Robot 6.0.2 (Python 3.10.5 on win32)" generated="20230420 00:55:49.997" rpa="false" schemaversion="3">
<suite id="s1" name="Stories" source="D:\Task\Task\Tests\Stories.robot">
<test id="s1-t1" name="LoginTest" line="11">
<kw name="Start Test Case" library="LoginKeywords">
<kw name="Open Browser" library="SeleniumLibrary">
<arg>${Url}</arg>
<arg>${Browser}</arg>
<doc>Opens a new browser instance to the optional ``url``.</doc>
<msg timestamp="20230420 00:55:50.237" level="INFO">Opening browser 'chrome' to base url 'https://demoauthor.magnolia-cms.com/travel/'.</msg>
<status status="PASS" starttime="20230420 00:55:50.236" endtime="20230420 00:55:52.175"/>
</kw>
<kw name="Maximize Browser Window" library="SeleniumLibrary">
<doc>Maximizes current browser window.</doc>
<status status="PASS" starttime="20230420 00:55:52.175" endtime="20230420 00:55:52.308"/>
</kw>
<kw name="Wait Until Element Is Visible" library="SeleniumLibrary">
<arg>${loginUsername}</arg>
<arg>timeout=3</arg>
<doc>Waits until the element ``locator`` is visible.</doc>
<status status="PASS" starttime="20230420 00:55:52.308" endtime="20230420 00:55:52.350"/>
</kw>
<status status="PASS" starttime="20230420 00:55:50.236" endtime="20230420 00:55:52.350"/>
</kw>
<kw name="Enter Username" library="LoginKeywords">
<arg>${username}</arg>
<kw name="Input Text" library="SeleniumLibrary">
<arg>${loginUsername}</arg>
<arg>${username}</arg>
<doc>Types the given ``text`` into the text field identified by ``locator``.</doc>
<msg timestamp="20230420 00:55:52.352" level="INFO">Typing text 'superuser' into text field '//*[@id="username"]'.</msg>
<status status="PASS" starttime="20230420 00:55:52.352" endtime="20230420 00:55:52.438"/>
</kw>
<status status="PASS" starttime="20230420 00:55:52.351" endtime="20230420 00:55:52.438"/>
</kw>
<kw name="Enter Password" library="LoginKeywords">
<arg>${password}</arg>
<kw name="Input Text" library="SeleniumLibrary">
<arg>${loginPass}</arg>
<arg>${password}</arg>
<doc>Types the given ``text`` into the text field identified by ``locator``.</doc>
<msg timestamp="20230420 00:55:52.441" level="INFO">Typing text 'superuser' into text field '//*[@id="password"]'.</msg>
<status status="PASS" starttime="20230420 00:55:52.440" endtime="20230420 00:55:52.517"/>
</kw>
<status status="PASS" starttime="20230420 00:55:52.439" endtime="20230420 00:55:52.517"/>
</kw>
<kw name="Click SignIn" library="LoginKeywords">
<kw name="Click Button" library="SeleniumLibrary">
<arg>${loginButton}</arg>
<doc>Clicks the button identified by ``locator``.</doc>
<msg timestamp="20230420 00:55:52.518" level="INFO">Clicking button '//*[@id="box"]/form/button'.</msg>
<status status="PASS" starttime="20230420 00:55:52.518" endtime="20230420 00:55:53.990"/>
</kw>
<status status="PASS" starttime="20230420 00:55:52.518" endtime="20230420 00:55:53.990"/>
</kw>
<kw name="Verifiy Succesul Login" library="LoginKeywords">
<kw name="Wait Until Page Contains Element" library="SeleniumLibrary">
<arg>${signedInUser}</arg>
<arg>timeout=3</arg>
<doc>Waits until the element ``locator`` appears on the current page.</doc>
<status status="PASS" starttime="20230420 00:55:53.991" endtime="20230420 00:55:54.002"/>
</kw>
<kw name="Click Element" library="SeleniumLibrary">
<arg>${accept}</arg>
<doc>Click the element identified by ``locator``.</doc>
<msg timestamp="20230420 00:55:54.004" level="INFO">Clicking element 'xpath:/html/body/div[1]/div/a'.</msg>
<status status="PASS" starttime="20230420 00:55:54.002" endtime="20230420 00:55:54.041"/>
</kw>
<kw name="Log To Console" library="BuiltIn">
<arg>user is eingeloggt</arg>
<doc>Logs the given message to the console.</doc>
<status status="PASS" starttime="20230420 00:55:54.041" endtime="20230420 00:55:54.041"/>
</kw>
<status status="PASS" starttime="20230420 00:55:53.990" endtime="20230420 00:55:54.041"/>
</kw>
<status status="PASS" starttime="20230420 00:55:50.236" endtime="20230420 00:55:54.042"/>
</test>
<test id="s1-t2" name="Check Stories Page" line="18">
<kw name="Verfication Stories Page" library="StoriesKeywords">
<kw name="Click Element" library="SeleniumLibrary">
<arg>${stories}</arg>
<doc>Click the element identified by ``locator``.</doc>
<msg timestamp="20230420 00:55:54.043" level="INFO">Clicking element '//*[@id="navbar"]/div/ul/li[3]'.</msg>
<status status="PASS" starttime="20230420 00:55:54.042" endtime="20230420 00:55:54.773"/>
</kw>
<kw name="Location Should Be" library="SeleniumLibrary">
<arg>https://demoauthor.magnolia-cms.com/travel/stories.html</arg>
<doc>Verifies that the current URL is exactly ``url``.</doc>
<msg timestamp="20230420 00:55:54.777" level="INFO">Current location is 'https://demoauthor.magnolia-cms.com/travel/stories.html'.</msg>
<status status="PASS" starttime="20230420 00:55:54.773" endtime="20230420 00:55:54.777"/>
</kw>
<kw name="Wait Until Page Contains Element" library="SeleniumLibrary">
<arg>${storiesTitle}</arg>
<doc>Waits until the element ``locator`` appears on the current page.</doc>
<status status="PASS" starttime="20230420 00:55:54.777" endtime="20230420 00:55:54.791"/>
</kw>
<kw name="Page Should Contain Image" library="SeleniumLibrary">
<arg>${firstImage}</arg>
<doc>Verifies image identified by ``locator`` is found from current page.</doc>
<msg timestamp="20230420 00:55:54.804" level="INFO">Current page contains image 'xpath:/html/body/div[3]/div[2]/div[1]/div/a/div[3]/span/img'.</msg>
<status status="PASS" starttime="20230420 00:55:54.791" endtime="20230420 00:55:54.805"/>
</kw>
<kw name="Get Text" library="SeleniumLibrary">
<var>${firstImageTittle}</var>
<arg>${titleFirstImage}</arg>
<doc>Returns the text value of the element identified by ``locator``.</doc>
<msg timestamp="20230420 00:55:54.826" level="INFO">${firstImageTittle} = LOSING AND FINDING MYSELF IN THE SWISS ALPS</msg>
<status status="PASS" starttime="20230420 00:55:54.805" endtime="20230420 00:55:54.826"/>
</kw>
<kw name="Get Text" library="SeleniumLibrary">
<var>${firstImageDescription}</var>
<arg>${descriptionFirstImage}</arg>
<doc>Returns the text value of the element identified by ``locator``.</doc>
<msg timestamp="20230420 00:55:54.847" level="INFO">${firstImageDescription} = Dear M, Here’s a confession. Did I ever tell you that I’ve been afraid all my life? Afraid of the cha...</msg>
<status status="PASS" starttime="20230420 00:55:54.826" endtime="20230420 00:55:54.847"/>
</kw>
<kw name="Get Text" library="SeleniumLibrary">
<var>${firstStory}</var>
<arg>${storyButton}</arg>
<doc>Returns the text value of the element identified by ``locator``.</doc>
<msg timestamp="20230420 00:55:54.869" level="INFO">${firstStory} = Read Story</msg>
<status status="PASS" starttime="20230420 00:55:54.847" endtime="20230420 00:55:54.869"/>
</kw>
<kw name="Should Be Equal As Strings" library="BuiltIn">
<arg>LOSING AND FINDING MYSELF IN THE SWISS ALPS</arg>
<arg>${firstImageTittle}</arg>
<doc>Fails if objects are unequal after converting them to strings.</doc>
<status status="PASS" starttime="20230420 00:55:54.870" endtime="20230420 00:55:54.870"/>
</kw>
<kw name="Should Be Equal As Strings" library="BuiltIn">
<arg>Dear M, Here’s a confession. Did I ever tell you that I’ve been afraid all my life? Afraid of the cha...</arg>
<arg>${firstImageDescription}</arg>
<doc>Fails if objects are unequal after converting them to strings.</doc>
<status status="PASS" starttime="20230420 00:55:54.870" endtime="20230420 00:55:54.870"/>
</kw>
<kw name="Should Be Equal As Strings" library="BuiltIn">
<arg>Read Story</arg>
<arg>${firstStory}</arg>
<doc>Fails if objects are unequal after converting them to strings.</doc>
<status status="PASS" starttime="20230420 00:55:54.870" endtime="20230420 00:55:54.870"/>
</kw>
<status status="PASS" starttime="20230420 00:55:54.042" endtime="20230420 00:55:54.870"/>
</kw>
<status status="PASS" starttime="20230420 00:55:54.042" endtime="20230420 00:55:54.871"/>
</test>
<status status="PASS" starttime="20230420 00:55:49.999" endtime="20230420 00:55:54.872"/>
</suite>
<statistics>
<total>
<stat pass="2" fail="0" skip="0">All Tests</stat>
</total>
<tag>
</tag>
<suite>
<stat pass="2" fail="0" skip="0" id="s1" name="Stories">Stories</stat>
</suite>
</statistics>
<errors>
</errors>
</robot>
