<?xml version="1.0" encoding="UTF-8"?>
<robot generator="Robot 6.0.2 (Python 3.10.5 on win32)" generated="20230420 16:05:57.751" rpa="false" schemaversion="3">
<suite id="s1" name="BookTour" source="D:\Task\Task\Tests\BookTour.robot">
<test id="s1-t1" name="Login Test Positiv" line="13">
<kw name="Start Test Case" library="LoginKeywords">
<kw name="Open Browser" library="SeleniumLibrary">
<arg>${Url}</arg>
<arg>${Browser}</arg>
<doc>Opens a new browser instance to the optional ``url``.</doc>
<msg timestamp="20230420 16:05:57.955" level="INFO">Opening browser 'chrome' to base url 'https://demoauthor.magnolia-cms.com/travel/'.</msg>
<status status="PASS" starttime="20230420 16:05:57.955" endtime="20230420 16:06:01.676"/>
</kw>
<kw name="Maximize Browser Window" library="SeleniumLibrary">
<doc>Maximizes current browser window.</doc>
<status status="PASS" starttime="20230420 16:06:01.676" endtime="20230420 16:06:01.799"/>
</kw>
<kw name="Wait Until Element Is Visible" library="SeleniumLibrary">
<arg>${loginUsername}</arg>
<arg>timeout=3</arg>
<doc>Waits until the element ``locator`` is visible.</doc>
<status status="PASS" starttime="20230420 16:06:01.799" endtime="20230420 16:06:01.824"/>
</kw>
<status status="PASS" starttime="20230420 16:05:57.955" endtime="20230420 16:06:01.824"/>
</kw>
<kw name="Enter Username" library="LoginKeywords">
<arg>${username}</arg>
<kw name="Input Text" library="SeleniumLibrary">
<arg>${loginUsername}</arg>
<arg>${username}</arg>
<doc>Types the given ``text`` into the text field identified by ``locator``.</doc>
<msg timestamp="20230420 16:06:01.825" level="INFO">Typing text 'superuser' into text field '//*[@id="username"]'.</msg>
<status status="PASS" starttime="20230420 16:06:01.825" endtime="20230420 16:06:01.874"/>
</kw>
<status status="PASS" starttime="20230420 16:06:01.825" endtime="20230420 16:06:01.874"/>
</kw>
<kw name="Enter Password" library="LoginKeywords">
<arg>${password}</arg>
<kw name="Input Text" library="SeleniumLibrary">
<arg>${loginPass}</arg>
<arg>${password}</arg>
<doc>Types the given ``text`` into the text field identified by ``locator``.</doc>
<msg timestamp="20230420 16:06:01.874" level="INFO">Typing text 'superuser' into text field '//*[@id="password"]'.</msg>
<status status="PASS" starttime="20230420 16:06:01.874" endtime="20230420 16:06:01.940"/>
</kw>
<status status="PASS" starttime="20230420 16:06:01.874" endtime="20230420 16:06:01.940"/>
</kw>
<kw name="Click SignIn" library="LoginKeywords">
<kw name="Click Button" library="SeleniumLibrary">
<arg>${loginButton}</arg>
<doc>Clicks the button identified by ``locator``.</doc>
<msg timestamp="20230420 16:06:01.941" level="INFO">Clicking button '//*[@id="box"]/form/button'.</msg>
<status status="PASS" starttime="20230420 16:06:01.941" endtime="20230420 16:06:05.761"/>
</kw>
<status status="PASS" starttime="20230420 16:06:01.940" endtime="20230420 16:06:05.761"/>
</kw>
<kw name="Verifiy Succesful Login" library="LoginKeywords">
<kw name="Wait Until Page Contains Element" library="SeleniumLibrary">
<arg>${signedInUser}</arg>
<arg>timeout=3</arg>
<doc>Waits until the element ``locator`` appears on the current page.</doc>
<status status="PASS" starttime="20230420 16:06:05.762" endtime="20230420 16:06:05.774"/>
</kw>
<kw name="Click Element" library="SeleniumLibrary">
<arg>${accept}</arg>
<doc>Click the element identified by ``locator``.</doc>
<msg timestamp="20230420 16:06:05.774" level="INFO">Clicking element 'xpath:/html/body/div[1]/div/a'.</msg>
<status status="PASS" starttime="20230420 16:06:05.774" endtime="20230420 16:06:05.810"/>
</kw>
<kw name="Log To Console" library="BuiltIn">
<arg>user is eingeloggt</arg>
<doc>Logs the given message to the console.</doc>
<status status="PASS" starttime="20230420 16:06:05.810" endtime="20230420 16:06:05.811"/>
</kw>
<status status="PASS" starttime="20230420 16:06:05.762" endtime="20230420 16:06:05.811"/>
</kw>
<status status="PASS" starttime="20230420 16:05:57.955" endtime="20230420 16:06:05.812"/>
</test>
<test id="s1-t2" name="Active PAge" line="19">
<kw name="GO to Active Page" library="ToursMenuKeywords">
<kw name="Wait Until Page Contains Element" library="SeleniumLibrary">
<arg>${tours}</arg>
<arg>timeout=5</arg>
<doc>Waits until the element ``locator`` appears on the current page.</doc>
<status status="PASS" starttime="20230420 16:06:05.813" endtime="20230420 16:06:05.823"/>
</kw>
<kw name="Click Element" library="SeleniumLibrary">
<arg>${tours}</arg>
<doc>Click the element identified by ``locator``.</doc>
<msg timestamp="20230420 16:06:05.823" level="INFO">Clicking element '//*[@id="navbar"]/div/ul/li[1]'.</msg>
<status status="PASS" starttime="20230420 16:06:05.823" endtime="20230420 16:06:05.855"/>
</kw>
<kw name="Click Element" library="SeleniumLibrary">
<arg>${toursFirstElement}</arg>
<doc>Click the element identified by ``locator``.</doc>
<msg timestamp="20230420 16:06:05.856" level="INFO">Clicking element '//*[@id="navbar"]/div/ul/li[1]/ul/li[1]'.</msg>
<status status="PASS" starttime="20230420 16:06:05.856" endtime="20230420 16:06:06.667"/>
</kw>
<status status="PASS" starttime="20230420 16:06:05.813" endtime="20230420 16:06:06.667"/>
</kw>
<status status="PASS" starttime="20230420 16:06:05.813" endtime="20230420 16:06:06.668"/>
</test>
<test id="s1-t3" name="Select Tour" line="21">
<kw name="Select HUT Tour" library="ToursMenuKeywords">
<kw name="Wait Until Page Contains Element" library="SeleniumLibrary">
<arg>${hutToHut}</arg>
<arg>timeout=5</arg>
<doc>Waits until the element ``locator`` appears on the current page.</doc>
<status status="PASS" starttime="20230420 16:06:06.668" endtime="20230420 16:06:06.678"/>
</kw>
<kw name="Scroll Element Into View" library="SeleniumLibrary">
<arg>${hutToHut}</arg>
<doc>Scrolls the element identified by ``locator`` into view.</doc>
<status status="PASS" starttime="20230420 16:06:06.678" endtime="20230420 16:06:06.953"/>
</kw>
<kw name="Click Element" library="SeleniumLibrary">
<arg>${hutToHut}</arg>
<doc>Click the element identified by ``locator``.</doc>
<msg timestamp="20230420 16:06:06.955" level="INFO">Clicking element 'xpath:/html/body/div[8]/div/div[1]/a/div[2]/div[2]/div'.</msg>
<status status="PASS" starttime="20230420 16:06:06.953" endtime="20230420 16:06:07.670"/>
</kw>
<kw name="Location Should Contain" library="SeleniumLibrary">
<arg>${URL}</arg>
<arg>tours/magnolia-travels/Hut-to-Hut-in-the-Swiss-Alps.html</arg>
<doc>Verifies that the current URL contains ``expected``.</doc>
<msg timestamp="20230420 16:06:07.674" level="INFO">Current location contains 'https://demoauthor.magnolia-cms.com/travel/'.</msg>
<status status="PASS" starttime="20230420 16:06:07.670" endtime="20230420 16:06:07.674"/>
</kw>
<kw name="Page Should Contain" library="SeleniumLibrary">
<arg>start city</arg>
<doc>Verifies that current page contains ``text``.</doc>
<msg timestamp="20230420 16:06:07.686" level="INFO">Current page contains text 'start city'.</msg>
<status status="PASS" starttime="20230420 16:06:07.674" endtime="20230420 16:06:07.686"/>
</kw>
<kw name="Page Should Contain" library="SeleniumLibrary">
<arg>Zurich, Switzerland</arg>
<doc>Verifies that current page contains ``text``.</doc>
<msg timestamp="20230420 16:06:07.697" level="INFO">Current page contains text 'Zurich, Switzerland'.</msg>
<status status="PASS" starttime="20230420 16:06:07.686" endtime="20230420 16:06:07.697"/>
</kw>
<kw name="Page Should Contain" library="SeleniumLibrary">
<arg>duration</arg>
<doc>Verifies that current page contains ``text``.</doc>
<msg timestamp="20230420 16:06:07.708" level="INFO">Current page contains text 'duration'.</msg>
<status status="PASS" starttime="20230420 16:06:07.697" endtime="20230420 16:06:07.708"/>
</kw>
<kw name="Page Should Contain" library="SeleniumLibrary">
<arg>7 days</arg>
<doc>Verifies that current page contains ``text``.</doc>
<msg timestamp="20230420 16:06:07.719" level="INFO">Current page contains text '7 days'.</msg>
<status status="PASS" starttime="20230420 16:06:07.708" endtime="20230420 16:06:07.719"/>
</kw>
<kw name="Page Should Contain" library="SeleniumLibrary">
<arg>tour operator</arg>
<doc>Verifies that current page contains ``text``.</doc>
<msg timestamp="20230420 16:06:07.730" level="INFO">Current page contains text 'tour operator'.</msg>
<status status="PASS" starttime="20230420 16:06:07.719" endtime="20230420 16:06:07.730"/>
</kw>
<kw name="Page Should Contain" library="SeleniumLibrary">
<arg>Magnolia Travels</arg>
<doc>Verifies that current page contains ``text``.</doc>
<msg timestamp="20230420 16:06:07.740" level="INFO">Current page contains text 'Magnolia Travels'.</msg>
<status status="PASS" starttime="20230420 16:06:07.730" endtime="20230420 16:06:07.740"/>
</kw>
<status status="PASS" starttime="20230420 16:06:06.668" endtime="20230420 16:06:07.740"/>
</kw>
<status status="PASS" starttime="20230420 16:06:06.668" endtime="20230420 16:06:07.741"/>
</test>
<test id="s1-t4" name="Book the Tour" line="23">
<kw name="Book HUT Tour" library="ToursMenuKeywords">
<kw name="Click Element" library="SeleniumLibrary">
<arg>${bookTourButton}</arg>
<doc>Click the element identified by ``locator``.</doc>
<msg timestamp="20230420 16:06:07.743" level="INFO">Clicking element 'xpath://*[contains(@class, 'btn-lg')]'.</msg>
<status status="PASS" starttime="20230420 16:06:07.742" endtime="20230420 16:06:08.151"/>
</kw>
<kw name="Location Should Contain" library="SeleniumLibrary">
<arg>${URL}</arg>
<arg>book-tour.html?location=Zurich%2C+Switzerland</arg>
<doc>Verifies that the current URL contains ``expected``.</doc>
<msg timestamp="20230420 16:06:08.155" level="INFO">Current location contains 'https://demoauthor.magnolia-cms.com/travel/'.</msg>
<status status="PASS" starttime="20230420 16:06:08.151" endtime="20230420 16:06:08.155"/>
</kw>
<kw name="Page Should Contain" library="SeleniumLibrary">
<arg>Book your tour</arg>
<doc>Verifies that current page contains ``text``.</doc>
<msg timestamp="20230420 16:06:08.164" level="INFO">Current page contains text 'Book your tour'.</msg>
<status status="PASS" starttime="20230420 16:06:08.155" endtime="20230420 16:06:08.164"/>
</kw>
<kw name="Input Text" library="SeleniumLibrary">
<arg>${adultsNumber}</arg>
<arg>1</arg>
<doc>Types the given ``text`` into the text field identified by ``locator``.</doc>
<msg timestamp="20230420 16:06:08.164" level="INFO">Typing text '1' into text field '//*[@id='adults']'.</msg>
<status status="PASS" starttime="20230420 16:06:08.164" endtime="20230420 16:06:08.217"/>
</kw>
<kw name="Textfield Value Should Be" library="SeleniumLibrary">
<arg>${adultsNumber}</arg>
<arg>1</arg>
<doc>Verifies text field ``locator`` has exactly text ``expected``.</doc>
<msg timestamp="20230420 16:06:08.249" level="INFO">Content of text field '//*[@id='adults']' is '1'.</msg>
<status status="PASS" starttime="20230420 16:06:08.217" endtime="20230420 16:06:08.249"/>
</kw>
<kw name="Input Text" library="SeleniumLibrary">
<arg>${youthNumber}</arg>
<arg>1</arg>
<doc>Types the given ``text`` into the text field identified by ``locator``.</doc>
<msg timestamp="20230420 16:06:08.249" level="INFO">Typing text '1' into text field '//*[@id='youth']'.</msg>
<status status="PASS" starttime="20230420 16:06:08.249" endtime="20230420 16:06:08.314"/>
</kw>
<kw name="Click Element" library="SeleniumLibrary">
<arg>${supportcheckbox}</arg>
<doc>Click the element identified by ``locator``.</doc>
<msg timestamp="20230420 16:06:08.314" level="INFO">Clicking element '//*[@id='upgrades_2']'.</msg>
<status status="PASS" starttime="20230420 16:06:08.314" endtime="20230420 16:06:08.354"/>
</kw>
<kw name="Select From List By Value" library="SeleniumLibrary">
<arg>${mealRequirements}</arg>
<arg>yes</arg>
<doc>Selects options from selection list ``locator`` by ``values``.</doc>
<msg timestamp="20230420 16:06:08.354" level="INFO">Selecting options from selection list '//*[@id='meal']' by value yes.</msg>
<status status="PASS" starttime="20230420 16:06:08.354" endtime="20230420 16:06:08.416"/>
</kw>
<kw name="Click Element" library="SeleniumLibrary">
<arg>${nextButton}</arg>
<doc>Click the element identified by ``locator``.</doc>
<msg timestamp="20230420 16:06:08.416" level="INFO">Clicking element '//*[@id="book"]/fieldset[2]/div[3]/input'.</msg>
<status status="PASS" starttime="20230420 16:06:08.416" endtime="20230420 16:06:08.754"/>
</kw>
<status status="PASS" starttime="20230420 16:06:07.742" endtime="20230420 16:06:08.755"/>
</kw>
<kw name="Give meal information" library="ToursMenuKeywords">
<kw name="Location Should Contain" library="SeleniumLibrary">
<arg>${URL}</arg>
<arg>book-tour/meal.html?mgnlFormToken=76df0fed-b9ba-43e9-94bb-3e4ca3c4307b</arg>
<doc>Verifies that the current URL contains ``expected``.</doc>
<msg timestamp="20230420 16:06:08.758" level="INFO">Current location contains 'https://demoauthor.magnolia-cms.com/travel/'.</msg>
<status status="PASS" starttime="20230420 16:06:08.755" endtime="20230420 16:06:08.758"/>
</kw>
<kw name="Page Should Contain" library="SeleniumLibrary">
<arg>Meal</arg>
<doc>Verifies that current page contains ``text``.</doc>
<msg timestamp="20230420 16:06:08.768" level="INFO">Current page contains text 'Meal'.</msg>
<status status="PASS" starttime="20230420 16:06:08.758" endtime="20230420 16:06:08.768"/>
</kw>
<kw name="Click Element" library="SeleniumLibrary">
<arg>${veganCheckbox}</arg>
<doc>Click the element identified by ``locator``.</doc>
<msg timestamp="20230420 16:06:08.769" level="INFO">Clicking element '//*[@id='mealOptions_3']'.</msg>
<status status="PASS" starttime="20230420 16:06:08.769" endtime="20230420 16:06:08.808"/>
</kw>
<kw name="Click Element" library="SeleniumLibrary">
<arg>${nextStep}</arg>
<doc>Click the element identified by ``locator``.</doc>
<msg timestamp="20230420 16:06:08.809" level="INFO">Clicking element '//*[@id="book"]/fieldset/div[3]/input[2]'.</msg>
<status status="PASS" starttime="20230420 16:06:08.808" endtime="20230420 16:06:09.138"/>
</kw>
<status status="PASS" starttime="20230420 16:06:08.755" endtime="20230420 16:06:09.139"/>
</kw>
<kw name="Give Personal information" library="ToursMenuKeywords">
<kw name="Location Should Contain" library="SeleniumLibrary">
<arg>${URL}</arg>
<arg>book-tour/personal-details.html?mgnlFormToken=76df0fed-b9ba-43e9-94bb-3e4ca3c4307b</arg>
<doc>Verifies that the current URL contains ``expected``.</doc>
<msg timestamp="20230420 16:06:09.142" level="INFO">Current location contains 'https://demoauthor.magnolia-cms.com/travel/'.</msg>
<status status="PASS" starttime="20230420 16:06:09.139" endtime="20230420 16:06:09.142"/>
</kw>
<kw name="Page Should Contain" library="SeleniumLibrary">
<arg>Personal information</arg>
<doc>Verifies that current page contains ``text``.</doc>
<msg timestamp="20230420 16:06:09.153" level="INFO">Current page contains text 'Personal information'.</msg>
<status status="PASS" starttime="20230420 16:06:09.142" endtime="20230420 16:06:09.153"/>
</kw>
<kw name="Input Text" library="SeleniumLibrary">
<arg>${title}</arg>
<arg>Herr</arg>
<doc>Types the given ``text`` into the text field identified by ``locator``.</doc>
<msg timestamp="20230420 16:06:09.154" level="INFO">Typing text 'Herr' into text field '//*[@id='title']'.</msg>
<status status="PASS" starttime="20230420 16:06:09.153" endtime="20230420 16:06:09.215"/>
</kw>
<kw name="Input Text" library="SeleniumLibrary">
<arg>${firstName}</arg>
<arg>TestFirstName</arg>
<doc>Types the given ``text`` into the text field identified by ``locator``.</doc>
<msg timestamp="20230420 16:06:09.215" level="INFO">Typing text 'TestFirstName' into text field '//*[@id='firstName']'.</msg>
<status status="PASS" starttime="20230420 16:06:09.215" endtime="20230420 16:06:09.287"/>
</kw>
<kw name="Textfield Value Should Be" library="SeleniumLibrary">
<arg>${firstName}</arg>
<arg>TestFirstName</arg>
<doc>Verifies text field ``locator`` has exactly text ``expected``.</doc>
<msg timestamp="20230420 16:06:09.311" level="INFO">Content of text field '//*[@id='firstName']' is 'TestFirstName'.</msg>
<status status="PASS" starttime="20230420 16:06:09.287" endtime="20230420 16:06:09.312"/>
</kw>
<kw name="Input Text" library="SeleniumLibrary">
<arg>${lastName}</arg>
<arg>TestLastName</arg>
<doc>Types the given ``text`` into the text field identified by ``locator``.</doc>
<msg timestamp="20230420 16:06:09.312" level="INFO">Typing text 'TestLastName' into text field '//*[@id='lastName']'.</msg>
<status status="PASS" starttime="20230420 16:06:09.312" endtime="20230420 16:06:09.368"/>
</kw>
<kw name="Textfield Value Should Be" library="SeleniumLibrary">
<arg>${lastName}</arg>
<arg>TestLastName</arg>
<doc>Verifies text field ``locator`` has exactly text ``expected``.</doc>
<msg timestamp="20230420 16:06:09.402" level="INFO">Content of text field '//*[@id='lastName']' is 'TestLastName'.</msg>
<status status="PASS" starttime="20230420 16:06:09.368" endtime="20230420 16:06:09.402"/>
</kw>
<kw name="Input Text" library="SeleniumLibrary">
<arg>${email}</arg>
<arg>test@test.com</arg>
<doc>Types the given ``text`` into the text field identified by ``locator``.</doc>
<msg timestamp="20230420 16:06:09.402" level="INFO">Typing text 'test@test.com' into text field '//*[@id='email']'.</msg>
<status status="PASS" starttime="20230420 16:06:09.402" endtime="20230420 16:06:09.466"/>
</kw>
<kw name="Textfield Value Should Be" library="SeleniumLibrary">
<arg>${email}</arg>
<arg>test@test.com</arg>
<doc>Verifies text field ``locator`` has exactly text ``expected``.</doc>
<msg timestamp="20230420 16:06:09.489" level="INFO">Content of text field '//*[@id='email']' is 'test@test.com'.</msg>
<status status="PASS" starttime="20230420 16:06:09.466" endtime="20230420 16:06:09.489"/>
</kw>
<kw name="Input Text" library="SeleniumLibrary">
<arg>${phone}</arg>
<arg>0123456789</arg>
<doc>Types the given ``text`` into the text field identified by ``locator``.</doc>
<msg timestamp="20230420 16:06:09.489" level="INFO">Typing text '0123456789' into text field '//*[@id='phone']'.</msg>
<status status="PASS" starttime="20230420 16:06:09.489" endtime="20230420 16:06:09.553"/>
</kw>
<kw name="Click Element" library="SeleniumLibrary">
<arg>${nextStep}</arg>
<doc>Click the element identified by ``locator``.</doc>
<msg timestamp="20230420 16:06:09.553" level="INFO">Clicking element '//*[@id="book"]/fieldset/div[3]/input[2]'.</msg>
<status status="PASS" starttime="20230420 16:06:09.553" endtime="20230420 16:06:09.644"/>
</kw>
<kw name="Wait Until Page Contains" library="SeleniumLibrary">
<arg>HTTP Status 500 – Internal Server Error</arg>
<arg>timeout=6</arg>
<doc>Waits until ``text`` appears on the current page.</doc>
<status status="PASS" starttime="20230420 16:06:09.644" endtime="20230420 16:06:09.651"/>
</kw>
<status status="PASS" starttime="20230420 16:06:09.139" endtime="20230420 16:06:09.651"/>
</kw>
<kw name="Finisch Test" library="LoginKeywords">
<kw name="Close Browser" library="SeleniumLibrary">
<doc>Closes the current browser.</doc>
<status status="PASS" starttime="20230420 16:06:09.651" endtime="20230420 16:06:11.752"/>
</kw>
<status status="PASS" starttime="20230420 16:06:09.651" endtime="20230420 16:06:11.752"/>
</kw>
<status status="PASS" starttime="20230420 16:06:07.742" endtime="20230420 16:06:11.752"/>
</test>
<status status="PASS" starttime="20230420 16:05:57.751" endtime="20230420 16:06:11.752"/>
</suite>
<statistics>
<total>
<stat pass="4" fail="0" skip="0">All Tests</stat>
</total>
<tag>
</tag>
<suite>
<stat pass="4" fail="0" skip="0" id="s1" name="BookTour">BookTour</stat>
</suite>
</statistics>
<errors>
</errors>
</robot>
